[INFO] 2026-06-21T21:36:01+0300 - Starting KijaniKiosk Production Provisioning...
[INFO] 2026-06-21T21:36:01+0300 - Phase 1: Checking and installing pinned packages...
[INFO] 2026-06-21T21:36:04+0300 - Packages nginx and nodejs are already installed and held. Skipping apt-get install.
[INFO] 2026-06-21T21:36:05+0300 - Phase 2: Provisioning service accounts idempotently...
[INFO] 2026-06-21T21:36:05+0300 - Already exists: kk-api
[INFO] 2026-06-21T21:36:05+0300 - Already exists: kk-payments
[INFO] 2026-06-21T21:36:05+0300 - Already exists: kk-logs
[INFO] 2026-06-21T21:36:05+0300 - Phase 3: Configuring directory structure, health endpoint, and ACLs...
[INFO] 2026-06-21T21:36:05+0300 - Phase 4: Writing hardened systemd units...
[INFO] 2026-06-21T21:36:06+0300 - Phase 5: Configuring Intent-Based UFW Firewall...
[INFO] 2026-06-21T21:36:09+0300 - Phase 7: Configuring Journal persistence and Logrotate...
[INFO] 2026-06-21T21:36:09+0300 - Warning: logrotate --debug returned non-zero for empty directory, proceeding...
[INFO] 2026-06-21T21:36:09+0300 - Phase 8: Executing Health Checks...
[INFO] 2026-06-21T21:36:09+0300 - Phase 6: Verifying Provisioning State...
[PASS] SSH allowed
[PASS] HTTP allowed
[PASS] 3001 DENY present
[PASS] Logrotate configured
[PASS] Health check written
[PASS] PROVISIONING COMPLETE. All checks passed.
